<?xml version="1.0" encoding="UTF-8"?>
<!-- Generated by org.testng.reporters.JUnitReportReporter -->
<testsuite skipped="0" hostname="OPBLLT-MANISHAP" name="com.aconex.tests.BaseTest" tests="1" failures="0" timestamp="08 Nov 2020 07:03:09 GMT" time="11.985" errors="0">
  <testcase name="launchApplication" time="11.985" classname="com.aconex.tests.BaseTest"/>
</testsuite> <!-- com.aconex.tests.BaseTest -->
