<?xml version="1.0" encoding="UTF-8"?>
<!-- Generated by org.testng.reporters.JUnitReportReporter -->
<testsuite skipped="0" hostname="OPBLLT-MANISHAP" name="com.aconex.tests.EmailValidationTest" tests="1" failures="0" timestamp="09 Nov 2020 10:58:12 GMT" time="51.087" errors="0">
  <testcase name="test" time="51.087" classname="com.aconex.tests.EmailValidationTest"/>
</testsuite> <!-- com.aconex.tests.EmailValidationTest -->
