<?xml version="1.0" encoding="UTF-8"?>
<!-- Generated by org.testng.reporters.JUnitReportReporter -->
<testsuite skipped="0" hostname="OPBLLT-MANISHAP" name="com.aconex.tests.DocumentUploadTest" tests="1" failures="0" timestamp="09 Nov 2020 10:58:12 GMT" time="60.595" errors="0">
  <testcase name="test" time="60.595" classname="com.aconex.tests.DocumentUploadTest"/>
</testsuite> <!-- com.aconex.tests.DocumentUploadTest -->
