<?xml version="1.0" encoding="UTF-8"?>
<!-- Generated by org.testng.reporters.JUnitReportReporter -->
<testsuite skipped="0" hostname="OPBLLT-MANISHAP" name="com.aconex.tests.LoginTest" tests="1" failures="0" timestamp="08 Nov 2020 18:10:53 GMT" time="31.986" errors="0">
  <testcase name="test" time="31.986" classname="com.aconex.tests.LoginTest"/>
</testsuite> <!-- com.aconex.tests.LoginTest -->
